# JRE version: OpenJDK Runtime Environment (8.0_152-b06) (build 1.8.0_152-release-1136-b06)
# Java VM: OpenJDK 64-Bit Server VM (25.152-b06 mixed mode linux-amd64 compressed oops)
Heap:
 PSYoungGen      total 675840K, used 327168K [0x0000000780000000, 0x00000007be980000, 0x00000007c0000000)
  eden space 327168K, 100% used [0x0000000780000000,0x0000000793f80000,0x0000000793f80000)
  from space 348672K, 0% used [0x00000007a9500000,0x00000007a9500000,0x00000007be980000)
  to   space 349184K, 0% used [0x0000000793f80000,0x0000000793f80000,0x00000007a9480000)
 ParOldGen       total 2097152K, used 2092521K [0x0000000700000000, 0x0000000780000000, 0x0000000780000000)
  object space 2097152K, 99% used [0x0000000700000000,0x000000077fb7a618,0x0000000780000000)
 Metaspace       used 88172K, capacity 91444K, committed 93016K, reserved 1130496K
  class space    used 10933K, capacity 11587K, committed 11904K, reserved 1048576K
GC Heap History (10 events):
Event: 7470.955 GC heap after
Heap after GC invocations=90 (full 29):
 PSYoungGen      total 671232K, used 277015K [0x0000000780000000, 0x00000007bea00000, 0x00000007c0000000)
  eden space 322048K, 0% used [0x0000000780000000,0x0000000780000000,0x0000000793a80000)
  from space 349184K, 79% used [0x0000000793a80000,0x00000007a4905f58,0x00000007a8f80000)
  to   space 349184K, 0% used [0x00000007a9500000,0x00000007a9500000,0x00000007bea00000)
 ParOldGen       total 2097152K, used 1750216K [0x0000000700000000, 0x0000000780000000, 0x0000000780000000)
  object space 2097152K, 83% used [0x0000000700000000,0x000000076ad32228,0x0000000780000000)
 Metaspace       used 88172K, capacity 91444K, committed 93016K, reserved 1130496K
  class space    used 10933K, capacity 11587K, committed 11904K, reserved 1048576K
}
Event: 7472.132 GC heap before
{Heap before GC invocations=91 (full 29):
 PSYoungGen      total 671232K, used 599063K [0x0000000780000000, 0x00000007bea00000, 0x00000007c0000000)
  eden space 322048K, 100% used [0x0000000780000000,0x0000000793a80000,0x0000000793a80000)
  from space 349184K, 79% used [0x0000000793a80000,0x00000007a4905f58,0x00000007a8f80000)
  to   space 349184K, 0% used [0x00000007a9500000,0x00000007a9500000,0x00000007bea00000)
 ParOldGen       total 2097152K, used 1750216K [0x0000000700000000, 0x0000000780000000, 0x0000000780000000)
  object space 2097152K, 83% used [0x0000000700000000,0x000000076ad32228,0x0000000780000000)
 Metaspace       used 88172K, capacity 91444K, committed 93016K, reserved 1130496K
  class space    used 10933K, capacity 11587K, committed 11904K, reserved 1048576K
Event: 7472.222 GC heap after
Heap after GC invocations=91 (full 29):
 PSYoungGen      total 675840K, used 204043K [0x0000000780000000, 0x00000007be980000, 0x00000007c0000000)
  eden space 327168K, 0% used [0x0000000780000000,0x0000000780000000,0x0000000793f80000)
  from space 348672K, 58% used [0x00000007a9500000,0x00000007b5c42fe0,0x00000007be980000)
  to   space 349184K, 0% used [0x0000000793f80000,0x0000000793f80000,0x00000007a9480000)
 ParOldGen       total 2097152K, used 1898412K [0x0000000700000000, 0x0000000780000000, 0x0000000780000000)
  object space 2097152K, 90% used [0x0000000700000000,0x0000000773deb2e0,0x0000000780000000)
 Metaspace       used 88172K, capacity 91444K, committed 93016K, reserved 1130496K
  class space    used 10933K, capacity 11587K, committed 11904K, reserved 1048576K
}
Event: 7472.222 GC heap before
{Heap before GC invocations=92 (full 30):
 PSYoungGen      total 675840K, used 204043K [0x0000000780000000, 0x00000007be980000, 0x00000007c0000000)
  eden space 327168K, 0% used [0x0000000780000000,0x0000000780000000,0x0000000793f80000)
  from space 348672K, 58% used [0x00000007a9500000,0x00000007b5c42fe0,0x00000007be980000)
  to   space 349184K, 0% used [0x0000000793f80000,0x0000000793f80000,0x00000007a9480000)
 ParOldGen       total 2097152K, used 1898412K [0x0000000700000000, 0x0000000780000000, 0x0000000780000000)
  object space 2097152K, 90% used [0x0000000700000000,0x0000000773deb2e0,0x0000000780000000)
 Metaspace       used 88172K, capacity 91444K, committed 93016K, reserved 1130496K
  class space    used 10933K, capacity 11587K, committed 11904K, reserved 1048576K
Event: 7473.823 GC heap after
Heap after GC invocations=92 (full 30):
 PSYoungGen      total 675840K, used 0K [0x0000000780000000, 0x00000007be980000, 0x00000007c0000000)
  eden space 327168K, 0% used [0x0000000780000000,0x0000000780000000,0x0000000793f80000)
  from space 348672K, 0% used [0x00000007a9500000,0x00000007a9500000,0x00000007be980000)
  to   space 349184K, 0% used [0x0000000793f80000,0x0000000793f80000,0x00000007a9480000)
 ParOldGen       total 2097152K, used 2063313K [0x0000000700000000, 0x0000000780000000, 0x0000000780000000)
  object space 2097152K, 98% used [0x0000000700000000,0x000000077def45c8,0x0000000780000000)
 Metaspace       used 88172K, capacity 91444K, committed 93016K, reserved 1130496K
  class space    used 10933K, capacity 11587K, committed 11904K, reserved 1048576K
}
Event: 7474.607 GC heap before
{Heap before GC invocations=93 (full 31):
 PSYoungGen      total 675840K, used 325227K [0x0000000780000000, 0x00000007be980000, 0x00000007c0000000)
  eden space 327168K, 99% used [0x0000000780000000,0x0000000793d9ace8,0x0000000793f80000)
  from space 348672K, 0% used [0x00000007a9500000,0x00000007a9500000,0x00000007be980000)
  to   space 349184K, 0% used [0x0000000793f80000,0x0000000793f80000,0x00000007a9480000)
 ParOldGen       total 2097152K, used 2063313K [0x0000000700000000, 0x0000000780000000, 0x0000000780000000)
  object space 2097152K, 98% used [0x0000000700000000,0x000000077def45c8,0x0000000780000000)
 Metaspace       used 88172K, capacity 91444K, committed 93016K, reserved 1130496K
  class space    used 10933K, capacity 11587K, committed 11904K, reserved 1048576K
Event: 7476.156 GC heap after
Heap after GC invocations=93 (full 31):
 PSYoungGen      total 675840K, used 29448K [0x0000000780000000, 0x00000007be980000, 0x00000007c0000000)
  eden space 327168K, 9% used [0x0000000780000000,0x0000000781cc2030,0x0000000793f80000)
  from space 348672K, 0% used [0x00000007a9500000,0x00000007a9500000,0x00000007be980000)
  to   space 349184K, 0% used [0x0000000793f80000,0x0000000793f80000,0x00000007a9480000)
 ParOldGen       total 2097152K, used 2092525K [0x0000000700000000, 0x0000000780000000, 0x0000000780000000)
  object space 2097152K, 99% used [0x0000000700000000,0x000000077fb7b5d0,0x0000000780000000)
 Metaspace       used 88172K, capacity 91444K, committed 93016K, reserved 1130496K
  class space    used 10933K, capacity 11587K, committed 11904K, reserved 1048576K
}
Event: 7477.160 GC heap before
{Heap before GC invocations=94 (full 32):
 PSYoungGen      total 675840K, used 327079K [0x0000000780000000, 0x00000007be980000, 0x00000007c0000000)
  eden space 327168K, 99% used [0x0000000780000000,0x0000000793f69cb8,0x0000000793f80000)
  from space 348672K, 0% used [0x00000007a9500000,0x00000007a9500000,0x00000007be980000)
  to   space 349184K, 0% used [0x0000000793f80000,0x0000000793f80000,0x00000007a9480000)
 ParOldGen       total 2097152K, used 2092525K [0x0000000700000000, 0x0000000780000000, 0x0000000780000000)
  object space 2097152K, 99% used [0x0000000700000000,0x000000077fb7b5d0,0x0000000780000000)
 Metaspace       used 88172K, capacity 91444K, committed 93016K, reserved 1130496K
  class space    used 10933K, capacity 11587K, committed 11904K, reserved 1048576K
Event: 7478.632 GC heap after
Heap after GC invocations=94 (full 32):
 PSYoungGen      total 675840K, used 115209K [0x0000000780000000, 0x00000007be980000, 0x00000007c0000000)
  eden space 327168K, 35% used [0x0000000780000000,0x0000000787082788,0x0000000793f80000)
  from space 348672K, 0% used [0x00000007a9500000,0x00000007a9500000,0x00000007be980000)
  to   space 349184K, 0% used [0x0000000793f80000,0x0000000793f80000,0x00000007a9480000)
 ParOldGen       total 2097152K, used 2092521K [0x0000000700000000, 0x0000000780000000, 0x0000000780000000)
  object space 2097152K, 99% used [0x0000000700000000,0x000000077fb7a618,0x0000000780000000)
 Metaspace       used 88172K, capacity 91444K, committed 93016K, reserved 1130496K
  class space    used 10933K, capacity 11587K, committed 11904K, reserved 1048576K
}
Event: 7479.279 GC heap before
{Heap before GC invocations=95 (full 33):
 PSYoungGen      total 675840K, used 327168K [0x0000000780000000, 0x00000007be980000, 0x00000007c0000000)
  eden space 327168K, 100% used [0x0000000780000000,0x0000000793f80000,0x0000000793f80000)
  from space 348672K, 0% used [0x00000007a9500000,0x00000007a9500000,0x00000007be980000)
  to   space 349184K, 0% used [0x0000000793f80000,0x0000000793f80000,0x00000007a9480000)
 ParOldGen       total 2097152K, used 2092521K [0x0000000700000000, 0x0000000780000000, 0x0000000780000000)
  object space 2097152K, 99% used [0x0000000700000000,0x000000077fb7a618,0x0000000780000000)
 Metaspace       used 88172K, capacity 91444K, committed 93016K, reserved 1130496K
  class space    used 10933K, capacity 11587K, committed 11904K, reserved 1048576K

