# JRE version: OpenJDK Runtime Environment (8.0_152-b06) (build 1.8.0_152-release-1136-b06)
# Java VM: OpenJDK 64-Bit Server VM (25.152-b06 mixed mode linux-amd64 compressed oops)
Heap:
 PSYoungGen      total 488960K, used 115693K [0x0000000780000000, 0x00000007ad700000, 0x00000007c0000000)
  eden space 373248K, 0% used [0x0000000780000000,0x0000000780000000,0x0000000796c80000)
  from space 115712K, 99% used [0x00000007a0600000,0x00000007a76fb4b0,0x00000007a7700000)
  to   space 157184K, 0% used [0x0000000796c80000,0x0000000796c80000,0x00000007a0600000)
 ParOldGen       total 295936K, used 284125K [0x0000000700000000, 0x0000000712100000, 0x0000000780000000)
  object space 295936K, 96% used [0x0000000700000000,0x0000000711577620,0x0000000712100000)
 Metaspace       used 85554K, capacity 89462K, committed 89688K, reserved 1126400K
  class space    used 11047K, capacity 12033K, committed 12120K, reserved 1048576K
GC Heap History (10 events):
Event: 253.702 GC heap after
Heap after GC invocations=21 (full 3):
 PSYoungGen      total 389632K, used 55024K [0x0000000780000000, 0x000000079de80000, 0x00000007c0000000)
  eden space 307200K, 0% used [0x0000000780000000,0x0000000780000000,0x0000000792c00000)
  from space 82432K, 66% used [0x0000000798000000,0x000000079b5bc3f0,0x000000079d080000)
  to   space 86016K, 0% used [0x0000000792c00000,0x0000000792c00000,0x0000000798000000)
 ParOldGen       total 295936K, used 221286K [0x0000000700000000, 0x0000000712100000, 0x0000000780000000)
  object space 295936K, 74% used [0x0000000700000000,0x000000070d8198e8,0x0000000712100000)
 Metaspace       used 76178K, capacity 79438K, committed 79704K, reserved 1118208K
  class space    used 9897K, capacity 10721K, committed 10840K, reserved 1048576K
}
Event: 255.100 GC heap before
{Heap before GC invocations=22 (full 3):
 PSYoungGen      total 389632K, used 362224K [0x0000000780000000, 0x000000079de80000, 0x00000007c0000000)
  eden space 307200K, 100% used [0x0000000780000000,0x0000000792c00000,0x0000000792c00000)
  from space 82432K, 66% used [0x0000000798000000,0x000000079b5bc3f0,0x000000079d080000)
  to   space 86016K, 0% used [0x0000000792c00000,0x0000000792c00000,0x0000000798000000)
 ParOldGen       total 295936K, used 221286K [0x0000000700000000, 0x0000000712100000, 0x0000000780000000)
  object space 295936K, 74% used [0x0000000700000000,0x000000070d8198e8,0x0000000712100000)
 Metaspace       used 76642K, capacity 80058K, committed 80216K, reserved 1118208K
  class space    used 9937K, capacity 10819K, committed 10840K, reserved 1048576K
Event: 255.194 GC heap after
Heap after GC invocations=22 (full 3):
 PSYoungGen      total 393216K, used 71464K [0x0000000780000000, 0x00000007a1980000, 0x00000007c0000000)
  eden space 307200K, 0% used [0x0000000780000000,0x0000000780000000,0x0000000792c00000)
  from space 86016K, 83% used [0x0000000792c00000,0x00000007971ca2b8,0x0000000798000000)
  to   space 94208K, 0% used [0x000000079bd80000,0x000000079bd80000,0x00000007a1980000)
 ParOldGen       total 295936K, used 221294K [0x0000000700000000, 0x0000000712100000, 0x0000000780000000)
  object space 295936K, 74% used [0x0000000700000000,0x000000070d81b8e8,0x0000000712100000)
 Metaspace       used 76642K, capacity 80058K, committed 80216K, reserved 1118208K
  class space    used 9937K, capacity 10819K, committed 10840K, reserved 1048576K
}
Event: 257.572 GC heap before
{Heap before GC invocations=23 (full 3):
 PSYoungGen      total 393216K, used 378664K [0x0000000780000000, 0x00000007a1980000, 0x00000007c0000000)
  eden space 307200K, 100% used [0x0000000780000000,0x0000000792c00000,0x0000000792c00000)
  from space 86016K, 83% used [0x0000000792c00000,0x00000007971ca2b8,0x0000000798000000)
  to   space 94208K, 0% used [0x000000079bd80000,0x000000079bd80000,0x00000007a1980000)
 ParOldGen       total 295936K, used 221294K [0x0000000700000000, 0x0000000712100000, 0x0000000780000000)
  object space 295936K, 74% used [0x0000000700000000,0x000000070d81b8e8,0x0000000712100000)
 Metaspace       used 76880K, capacity 80226K, committed 80600K, reserved 1118208K
  class space    used 9962K, capacity 10853K, committed 10968K, reserved 1048576K
Event: 257.662 GC heap after
Heap after GC invocations=23 (full 3):
 PSYoungGen      total 450048K, used 69153K [0x0000000780000000, 0x00000007a2600000, 0x00000007c0000000)
  eden space 355840K, 0% used [0x0000000780000000,0x0000000780000000,0x0000000795b80000)
  from space 94208K, 73% used [0x000000079bd80000,0x00000007a01084b0,0x00000007a1980000)
  to   space 100352K, 0% used [0x0000000795b80000,0x0000000795b80000,0x000000079bd80000)
 ParOldGen       total 295936K, used 221302K [0x0000000700000000, 0x0000000712100000, 0x0000000780000000)
  object space 295936K, 74% used [0x0000000700000000,0x000000070d81d8e8,0x0000000712100000)
 Metaspace       used 76880K, capacity 80226K, committed 80600K, reserved 1118208K
  class space    used 9962K, capacity 10853K, committed 10968K, reserved 1048576K
}
Event: 261.864 GC heap before
{Heap before GC invocations=24 (full 3):
 PSYoungGen      total 450048K, used 424993K [0x0000000780000000, 0x00000007a2600000, 0x00000007c0000000)
  eden space 355840K, 100% used [0x0000000780000000,0x0000000795b80000,0x0000000795b80000)
  from space 94208K, 73% used [0x000000079bd80000,0x00000007a01084b0,0x00000007a1980000)
  to   space 100352K, 0% used [0x0000000795b80000,0x0000000795b80000,0x000000079bd80000)
 ParOldGen       total 295936K, used 221302K [0x0000000700000000, 0x0000000712100000, 0x0000000780000000)
  object space 295936K, 74% used [0x0000000700000000,0x000000070d81d8e8,0x0000000712100000)
 Metaspace       used 77691K, capacity 80994K, committed 81112K, reserved 1120256K
  class space    used 10037K, capacity 10917K, committed 10968K, reserved 1048576K
Event: 261.932 GC heap after
Heap after GC invocations=24 (full 3):
 PSYoungGen      total 456192K, used 98157K [0x0000000780000000, 0x00000007a7700000, 0x00000007c0000000)
  eden space 355840K, 0% used [0x0000000780000000,0x0000000780000000,0x0000000795b80000)
  from space 100352K, 97% used [0x0000000795b80000,0x000000079bb5b4d8,0x000000079bd80000)
  to   space 115712K, 0% used [0x00000007a0600000,0x00000007a0600000,0x00000007a7700000)
 ParOldGen       total 295936K, used 221302K [0x0000000700000000, 0x0000000712100000, 0x0000000780000000)
  object space 295936K, 74% used [0x0000000700000000,0x000000070d81d8e8,0x0000000712100000)
 Metaspace       used 77691K, capacity 80994K, committed 81112K, reserved 1120256K
  class space    used 10037K, capacity 10917K, committed 10968K, reserved 1048576K
}
Event: 262.915 GC heap before
{Heap before GC invocations=25 (full 3):
 PSYoungGen      total 456192K, used 453997K [0x0000000780000000, 0x00000007a7700000, 0x00000007c0000000)
  eden space 355840K, 100% used [0x0000000780000000,0x0000000795b80000,0x0000000795b80000)
  from space 100352K, 97% used [0x0000000795b80000,0x000000079bb5b4d8,0x000000079bd80000)
  to   space 115712K, 0% used [0x00000007a0600000,0x00000007a0600000,0x00000007a7700000)
 ParOldGen       total 295936K, used 221302K [0x0000000700000000, 0x0000000712100000, 0x0000000780000000)
  object space 295936K, 74% used [0x0000000700000000,0x000000070d81d8e8,0x0000000712100000)
 Metaspace       used 85554K, capacity 89462K, committed 89688K, reserved 1126400K
  class space    used 11047K, capacity 12033K, committed 12120K, reserved 1048576K
Event: 263.019 GC heap after
Heap after GC invocations=25 (full 3):
 PSYoungGen      total 488960K, used 115693K [0x0000000780000000, 0x00000007ad700000, 0x00000007c0000000)
  eden space 373248K, 0% used [0x0000000780000000,0x0000000780000000,0x0000000796c80000)
  from space 115712K, 99% used [0x00000007a0600000,0x00000007a76fb4b0,0x00000007a7700000)
  to   space 157184K, 0% used [0x0000000796c80000,0x0000000796c80000,0x00000007a0600000)
 ParOldGen       total 295936K, used 284125K [0x0000000700000000, 0x0000000712100000, 0x0000000780000000)
  object space 295936K, 96% used [0x0000000700000000,0x0000000711577620,0x0000000712100000)
 Metaspace       used 85554K, capacity 89462K, committed 89688K, reserved 1126400K
  class space    used 11047K, capacity 12033K, committed 12120K, reserved 1048576K
}
Event: 263.019 GC heap before
{Heap before GC invocations=26 (full 4):
 PSYoungGen      total 488960K, used 115693K [0x0000000780000000, 0x00000007ad700000, 0x00000007c0000000)
  eden space 373248K, 0% used [0x0000000780000000,0x0000000780000000,0x0000000796c80000)
  from space 115712K, 99% used [0x00000007a0600000,0x00000007a76fb4b0,0x00000007a7700000)
  to   space 157184K, 0% used [0x0000000796c80000,0x0000000796c80000,0x00000007a0600000)
 ParOldGen       total 295936K, used 284125K [0x0000000700000000, 0x0000000712100000, 0x0000000780000000)
  object space 295936K, 96% used [0x0000000700000000,0x0000000711577620,0x0000000712100000)
 Metaspace       used 85554K, capacity 89462K, committed 89688K, reserved 1126400K
  class space    used 11047K, capacity 12033K, committed 12120K, reserved 1048576K

