# JRE version: OpenJDK Runtime Environment (8.0_112-b06) (build 1.8.0_112-release-b06)
# Java VM: OpenJDK 64-Bit Server VM (25.112-b06 mixed mode linux-amd64 compressed oops)
Heap:
 PSYoungGen      total 865280K, used 41881K [0x0000000780000000, 0x00000007c0000000, 0x00000007c0000000)
  eden space 691200K, 0% used [0x0000000780000000,0x0000000780000000,0x00000007aa300000)
  from space 174080K, 24% used [0x00000007b5600000,0x00000007b7ee6598,0x00000007c0000000)
  to   space 178688K, 0% used [0x00000007aa300000,0x00000007aa300000,0x00000007b5180000)
 ParOldGen       total 1025024K, used 1024609K [0x0000000700000000, 0x000000073e900000, 0x0000000780000000)
  object space 1025024K, 99% used [0x0000000700000000,0x000000073e898470,0x000000073e900000)
 Metaspace       used 74823K, capacity 78184K, committed 78464K, reserved 1118208K
  class space    used 9581K, capacity 10337K, committed 10368K, reserved 1048576K
GC Heap History (10 events):
Event: 444.755 GC heap after
Heap after GC invocations=30 (full 6):
 PSYoungGen      total 870912K, used 0K [0x0000000780000000, 0x00000007c0000000, 0x00000007c0000000)
  eden space 705536K, 0% used [0x0000000780000000,0x0000000780000000,0x00000007ab100000)
  from space 165376K, 0% used [0x00000007b5e80000,0x00000007b5e80000,0x00000007c0000000)
  to   space 171520K, 0% used [0x00000007ab100000,0x00000007ab100000,0x00000007b5880000)
 ParOldGen       total 1025024K, used 666694K [0x0000000700000000, 0x000000073e900000, 0x0000000780000000)
  object space 1025024K, 65% used [0x0000000700000000,0x0000000728b11940,0x000000073e900000)
 Metaspace       used 74814K, capacity 78120K, committed 78208K, reserved 1118208K
  class space    used 9580K, capacity 10337K, committed 10368K, reserved 1048576K
}
Event: 445.406 GC heap before
{Heap before GC invocations=31 (full 6):
 PSYoungGen      total 870912K, used 705536K [0x0000000780000000, 0x00000007c0000000, 0x00000007c0000000)
  eden space 705536K, 100% used [0x0000000780000000,0x00000007ab100000,0x00000007ab100000)
  from space 165376K, 0% used [0x00000007b5e80000,0x00000007b5e80000,0x00000007c0000000)
  to   space 171520K, 0% used [0x00000007ab100000,0x00000007ab100000,0x00000007b5880000)
 ParOldGen       total 1025024K, used 666694K [0x0000000700000000, 0x000000073e900000, 0x0000000780000000)
  object space 1025024K, 65% used [0x0000000700000000,0x0000000728b11940,0x000000073e900000)
 Metaspace       used 74816K, capacity 78120K, committed 78208K, reserved 1118208K
  class space    used 9581K, capacity 10337K, committed 10368K, reserved 1048576K
Event: 445.445 GC heap after
Heap after GC invocations=31 (full 6):
 PSYoungGen      total 809984K, used 104348K [0x0000000780000000, 0x00000007c0000000, 0x00000007c0000000)
  eden space 705536K, 0% used [0x0000000780000000,0x0000000780000000,0x00000007ab100000)
  from space 104448K, 99% used [0x00000007ab100000,0x00000007b16e7160,0x00000007b1700000)
  to   space 174080K, 0% used [0x00000007b5600000,0x00000007b5600000,0x00000007c0000000)
 ParOldGen       total 1025024K, used 666694K [0x0000000700000000, 0x000000073e900000, 0x0000000780000000)
  object space 1025024K, 65% used [0x0000000700000000,0x0000000728b11940,0x000000073e900000)
 Metaspace       used 74816K, capacity 78120K, committed 78208K, reserved 1118208K
  class space    used 9581K, capacity 10337K, committed 10368K, reserved 1048576K
}
Event: 446.104 GC heap before
{Heap before GC invocations=32 (full 6):
 PSYoungGen      total 809984K, used 809884K [0x0000000780000000, 0x00000007c0000000, 0x00000007c0000000)
  eden space 705536K, 100% used [0x0000000780000000,0x00000007ab100000,0x00000007ab100000)
  from space 104448K, 99% used [0x00000007ab100000,0x00000007b16e7160,0x00000007b1700000)
  to   space 174080K, 0% used [0x00000007b5600000,0x00000007b5600000,0x00000007c0000000)
 ParOldGen       total 1025024K, used 666694K [0x0000000700000000, 0x000000073e900000, 0x0000000780000000)
  object space 1025024K, 65% used [0x0000000700000000,0x0000000728b11940,0x000000073e900000)
 Metaspace       used 74820K, capacity 78120K, committed 78208K, reserved 1118208K
  class space    used 9581K, capacity 10337K, committed 10368K, reserved 1048576K
Event: 450.430 GC heap after
Heap after GC invocations=32 (full 6):
 PSYoungGen      total 874496K, used 100223K [0x0000000780000000, 0x00000007c0000000, 0x00000007c0000000)
  eden space 700416K, 0% used [0x0000000780000000,0x0000000780000000,0x00000007aac00000)
  from space 174080K, 57% used [0x00000007b5600000,0x00000007bb7dfd38,0x00000007c0000000)
  to   space 174080K, 0% used [0x00000007aac00000,0x00000007aac00000,0x00000007b5600000)
 ParOldGen       total 1025024K, used 768310K [0x0000000700000000, 0x000000073e900000, 0x0000000780000000)
  object space 1025024K, 74% used [0x0000000700000000,0x000000072ee4d950,0x000000073e900000)
 Metaspace       used 74820K, capacity 78120K, committed 78208K, reserved 1118208K
  class space    used 9581K, capacity 10337K, committed 10368K, reserved 1048576K
}
Event: 451.911 GC heap before
{Heap before GC invocations=33 (full 6):
 PSYoungGen      total 874496K, used 800639K [0x0000000780000000, 0x00000007c0000000, 0x00000007c0000000)
  eden space 700416K, 100% used [0x0000000780000000,0x00000007aac00000,0x00000007aac00000)
  from space 174080K, 57% used [0x00000007b5600000,0x00000007bb7dfd38,0x00000007c0000000)
  to   space 174080K, 0% used [0x00000007aac00000,0x00000007aac00000,0x00000007b5600000)
 ParOldGen       total 1025024K, used 768310K [0x0000000700000000, 0x000000073e900000, 0x0000000780000000)
  object space 1025024K, 74% used [0x0000000700000000,0x000000072ee4d950,0x000000073e900000)
 Metaspace       used 74821K, capacity 78120K, committed 78208K, reserved 1118208K
  class space    used 9581K, capacity 10337K, committed 10368K, reserved 1048576K
Event: 452.016 GC heap after
Heap after GC invocations=33 (full 6):
 PSYoungGen      total 874496K, used 101795K [0x0000000780000000, 0x00000007c0000000, 0x00000007c0000000)
  eden space 700416K, 0% used [0x0000000780000000,0x0000000780000000,0x00000007aac00000)
  from space 174080K, 58% used [0x00000007aac00000,0x00000007b0f68f38,0x00000007b5600000)
  to   space 174080K, 0% used [0x00000007b5600000,0x00000007b5600000,0x00000007c0000000)
 ParOldGen       total 1025024K, used 866900K [0x0000000700000000, 0x000000073e900000, 0x0000000780000000)
  object space 1025024K, 84% used [0x0000000700000000,0x0000000734e952b0,0x000000073e900000)
 Metaspace       used 74821K, capacity 78120K, committed 78208K, reserved 1118208K
  class space    used 9581K, capacity 10337K, committed 10368K, reserved 1048576K
}
Event: 453.983 GC heap before
{Heap before GC invocations=34 (full 6):
 PSYoungGen      total 874496K, used 802211K [0x0000000780000000, 0x00000007c0000000, 0x00000007c0000000)
  eden space 700416K, 100% used [0x0000000780000000,0x00000007aac00000,0x00000007aac00000)
  from space 174080K, 58% used [0x00000007aac00000,0x00000007b0f68f38,0x00000007b5600000)
  to   space 174080K, 0% used [0x00000007b5600000,0x00000007b5600000,0x00000007c0000000)
 ParOldGen       total 1025024K, used 866900K [0x0000000700000000, 0x000000073e900000, 0x0000000780000000)
  object space 1025024K, 84% used [0x0000000700000000,0x0000000734e952b0,0x000000073e900000)
 Metaspace       used 74823K, capacity 78184K, committed 78464K, reserved 1118208K
  class space    used 9581K, capacity 10337K, committed 10368K, reserved 1048576K
Event: 460.856 GC heap after
Heap after GC invocations=34 (full 6):
 PSYoungGen      total 865280K, used 116697K [0x0000000780000000, 0x00000007c0000000, 0x00000007c0000000)
  eden space 691200K, 0% used [0x0000000780000000,0x0000000780000000,0x00000007aa300000)
  from space 174080K, 67% used [0x00000007b5600000,0x00000007bc7f6698,0x00000007c0000000)
  to   space 178688K, 0% used [0x00000007aa300000,0x00000007aa300000,0x00000007b5180000)
 ParOldGen       total 1025024K, used 964274K [0x0000000700000000, 0x000000073e900000, 0x0000000780000000)
  object space 1025024K, 94% used [0x0000000700000000,0x000000073adacbb8,0x000000073e900000)
 Metaspace       used 74823K, capacity 78184K, committed 78464K, reserved 1118208K
  class space    used 9581K, capacity 10337K, committed 10368K, reserved 1048576K
}
Event: 461.342 GC heap before
{Heap before GC invocations=35 (full 7):
 PSYoungGen      total 865280K, used 116697K [0x0000000780000000, 0x00000007c0000000, 0x00000007c0000000)
  eden space 691200K, 0% used [0x0000000780000000,0x0000000780000000,0x00000007aa300000)
  from space 174080K, 67% used [0x00000007b5600000,0x00000007bc7f6698,0x00000007c0000000)
  to   space 178688K, 0% used [0x00000007aa300000,0x00000007aa300000,0x00000007b5180000)
 ParOldGen       total 1025024K, used 964274K [0x0000000700000000, 0x000000073e900000, 0x0000000780000000)
  object space 1025024K, 94% used [0x0000000700000000,0x000000073adacbb8,0x000000073e900000)
 Metaspace       used 74823K, capacity 78184K, committed 78464K, reserved 1118208K
  class space    used 9581K, capacity 10337K, committed 10368K, reserved 1048576K

