# JRE version: OpenJDK Runtime Environment (8.0_152-b06) (build 1.8.0_152-release-1136-b06)
# Java VM: OpenJDK 64-Bit Server VM (25.152-b06 mixed mode linux-amd64 compressed oops)
Heap:
 PSYoungGen      total 926208K, used 912753K [0x0000000780000000, 0x00000007c0000000, 0x00000007c0000000)
  eden space 824320K, 99% used [0x0000000780000000,0x00000007b2453bc0,0x00000007b2500000)
  from space 101888K, 87% used [0x00000007b9c80000,0x00000007bf388be8,0x00000007c0000000)
  to   space 112128K, 0% used [0x00000007b2500000,0x00000007b2518000,0x00000007b9280000)
 ParOldGen       total 722432K, used 687096K [0x0000000700000000, 0x000000072c180000, 0x0000000780000000)
  object space 722432K, 95% used [0x0000000700000000,0x0000000729efe258,0x000000072c180000)
 Metaspace       used 119246K, capacity 124928K, committed 125144K, reserved 1159168K
  class space    used 14598K, capacity 15788K, committed 15872K, reserved 1048576K
GC Heap History (10 events):
Event: 1635.764 GC heap after
Heap after GC invocations=65 (full 6):
 PSYoungGen      total 894464K, used 53927K [0x0000000780000000, 0x00000007bfb80000, 0x00000007c0000000)
  eden space 840192K, 0% used [0x0000000780000000,0x0000000780000000,0x00000007b3480000)
  from space 54272K, 99% used [0x00000007b3480000,0x00000007b6929ed8,0x00000007b6980000)
  to   space 101888K, 0% used [0x00000007b9800000,0x00000007b9800000,0x00000007bfb80000)
 ParOldGen       total 596992K, used 451906K [0x0000000700000000, 0x0000000724700000, 0x0000000780000000)
  object space 596992K, 75% used [0x0000000700000000,0x000000071b950930,0x0000000724700000)
 Metaspace       used 119164K, capacity 124848K, committed 125144K, reserved 1159168K
  class space    used 14597K, capacity 15788K, committed 15872K, reserved 1048576K
}
Event: 1652.754 GC heap before
{Heap before GC invocations=66 (full 6):
 PSYoungGen      total 894464K, used 894119K [0x0000000780000000, 0x00000007bfb80000, 0x00000007c0000000)
  eden space 840192K, 100% used [0x0000000780000000,0x00000007b3480000,0x00000007b3480000)
  from space 54272K, 99% used [0x00000007b3480000,0x00000007b6929ed8,0x00000007b6980000)
  to   space 101888K, 0% used [0x00000007b9800000,0x00000007b9800000,0x00000007bfb80000)
 ParOldGen       total 596992K, used 451906K [0x0000000700000000, 0x0000000724700000, 0x0000000780000000)
  object space 596992K, 75% used [0x0000000700000000,0x000000071b950930,0x0000000724700000)
 Metaspace       used 119169K, capacity 124848K, committed 125144K, reserved 1159168K
  class space    used 14598K, capacity 15788K, committed 15872K, reserved 1048576K
Event: 1652.830 GC heap after
Heap after GC invocations=66 (full 6):
 PSYoungGen      total 945664K, used 49682K [0x0000000780000000, 0x00000007c0000000, 0x00000007c0000000)
  eden space 843776K, 0% used [0x0000000780000000,0x0000000780000000,0x00000007b3800000)
  from space 101888K, 48% used [0x00000007b9800000,0x00000007bc884b68,0x00000007bfb80000)
  to   space 98304K, 0% used [0x00000007b3800000,0x00000007b3800000,0x00000007b9800000)
 ParOldGen       total 596992K, used 500113K [0x0000000700000000, 0x0000000724700000, 0x0000000780000000)
  object space 596992K, 83% used [0x0000000700000000,0x000000071e8647e8,0x0000000724700000)
 Metaspace       used 119169K, capacity 124848K, committed 125144K, reserved 1159168K
  class space    used 14598K, capacity 15788K, committed 15872K, reserved 1048576K
}
Event: 1660.193 GC heap before
{Heap before GC invocations=67 (full 6):
 PSYoungGen      total 945664K, used 893458K [0x0000000780000000, 0x00000007c0000000, 0x00000007c0000000)
  eden space 843776K, 100% used [0x0000000780000000,0x00000007b3800000,0x00000007b3800000)
  from space 101888K, 48% used [0x00000007b9800000,0x00000007bc884b68,0x00000007bfb80000)
  to   space 98304K, 0% used [0x00000007b3800000,0x00000007b3800000,0x00000007b9800000)
 ParOldGen       total 596992K, used 500113K [0x0000000700000000, 0x0000000724700000, 0x0000000780000000)
  object space 596992K, 83% used [0x0000000700000000,0x000000071e8647e8,0x0000000724700000)
 Metaspace       used 119182K, capacity 124852K, committed 125144K, reserved 1159168K
  class space    used 14598K, capacity 15788K, committed 15872K, reserved 1048576K
Event: 1660.257 GC heap after
Heap after GC invocations=67 (full 6):
 PSYoungGen      total 942080K, used 68418K [0x0000000780000000, 0x00000007c0000000, 0x00000007c0000000)
  eden space 843776K, 0% used [0x0000000780000000,0x0000000780000000,0x00000007b3800000)
  from space 98304K, 69% used [0x00000007b3800000,0x00000007b7ad0860,0x00000007b9800000)
  to   space 101888K, 0% used [0x00000007b9c80000,0x00000007b9c80000,0x00000007c0000000)
 ParOldGen       total 596992K, used 535774K [0x0000000700000000, 0x0000000724700000, 0x0000000780000000)
  object space 596992K, 89% used [0x0000000700000000,0x0000000720b37b48,0x0000000724700000)
 Metaspace       used 119182K, capacity 124852K, committed 125144K, reserved 1159168K
  class space    used 14598K, capacity 15788K, committed 15872K, reserved 1048576K
}
Event: 1660.257 GC heap before
{Heap before GC invocations=68 (full 7):
 PSYoungGen      total 942080K, used 68418K [0x0000000780000000, 0x00000007c0000000, 0x00000007c0000000)
  eden space 843776K, 0% used [0x0000000780000000,0x0000000780000000,0x00000007b3800000)
  from space 98304K, 69% used [0x00000007b3800000,0x00000007b7ad0860,0x00000007b9800000)
  to   space 101888K, 0% used [0x00000007b9c80000,0x00000007b9c80000,0x00000007c0000000)
 ParOldGen       total 596992K, used 535774K [0x0000000700000000, 0x0000000724700000, 0x0000000780000000)
  object space 596992K, 89% used [0x0000000700000000,0x0000000720b37b48,0x0000000724700000)
 Metaspace       used 119182K, capacity 124852K, committed 125144K, reserved 1159168K
  class space    used 14598K, capacity 15788K, committed 15872K, reserved 1048576K
Event: 1660.559 GC heap after
Heap after GC invocations=68 (full 7):
 PSYoungGen      total 942080K, used 0K [0x0000000780000000, 0x00000007c0000000, 0x00000007c0000000)
  eden space 843776K, 0% used [0x0000000780000000,0x0000000780000000,0x00000007b3800000)
  from space 98304K, 0% used [0x00000007b3800000,0x00000007b3800000,0x00000007b9800000)
  to   space 101888K, 0% used [0x00000007b9c80000,0x00000007b9c80000,0x00000007c0000000)
 ParOldGen       total 612352K, used 207113K [0x0000000700000000, 0x0000000725600000, 0x0000000780000000)
  object space 612352K, 33% used [0x0000000700000000,0x000000070ca42610,0x0000000725600000)
 Metaspace       used 119182K, capacity 124852K, committed 125144K, reserved 1159168K
  class space    used 14598K, capacity 15788K, committed 15872K, reserved 1048576K
}
Event: 1663.102 GC heap before
{Heap before GC invocations=69 (full 7):
 PSYoungGen      total 942080K, used 836103K [0x0000000780000000, 0x00000007c0000000, 0x00000007c0000000)
  eden space 843776K, 99% used [0x0000000780000000,0x00000007b3081e60,0x00000007b3800000)
  from space 98304K, 0% used [0x00000007b3800000,0x00000007b3800000,0x00000007b9800000)
  to   space 101888K, 0% used [0x00000007b9c80000,0x00000007b9c80000,0x00000007c0000000)
 ParOldGen       total 612352K, used 207113K [0x0000000700000000, 0x0000000725600000, 0x0000000780000000)
  object space 612352K, 33% used [0x0000000700000000,0x000000070ca42610,0x0000000725600000)
 Metaspace       used 119233K, capacity 124928K, committed 125144K, reserved 1159168K
  class space    used 14598K, capacity 15788K, committed 15872K, reserved 1048576K
Event: 1663.174 GC heap after
Heap after GC invocations=69 (full 7):
 PSYoungGen      total 926208K, used 89122K [0x0000000780000000, 0x00000007c0000000, 0x00000007c0000000)
  eden space 824320K, 0% used [0x0000000780000000,0x0000000780000000,0x00000007b2500000)
  from space 101888K, 87% used [0x00000007b9c80000,0x00000007bf388be8,0x00000007c0000000)
  to   space 112128K, 0% used [0x00000007b2500000,0x00000007b2500000,0x00000007b9280000)
 ParOldGen       total 612352K, used 207113K [0x0000000700000000, 0x0000000725600000, 0x0000000780000000)
  object space 612352K, 33% used [0x0000000700000000,0x000000070ca42610,0x0000000725600000)
 Metaspace       used 119233K, capacity 124928K, committed 125144K, reserved 1159168K
  class space    used 14598K, capacity 15788K, committed 15872K, reserved 1048576K
}
Event: 1666.929 GC heap before
{Heap before GC invocations=70 (full 7):
 PSYoungGen      total 926208K, used 912753K [0x0000000780000000, 0x00000007c0000000, 0x00000007c0000000)
  eden space 824320K, 99% used [0x0000000780000000,0x00000007b2453bc0,0x00000007b2500000)
  from space 101888K, 87% used [0x00000007b9c80000,0x00000007bf388be8,0x00000007c0000000)
  to   space 112128K, 0% used [0x00000007b2500000,0x00000007b2500000,0x00000007b9280000)
 ParOldGen       total 612352K, used 207113K [0x0000000700000000, 0x0000000725600000, 0x0000000780000000)
  object space 612352K, 33% used [0x0000000700000000,0x000000070ca42610,0x0000000725600000)
 Metaspace       used 119246K, capacity 124928K, committed 125144K, reserved 1159168K
  class space    used 14598K, capacity 15788K, committed 15872K, reserved 1048576K

