# JRE version: OpenJDK Runtime Environment (8.0_76-b03) (build 1.8.0_76-release-b03)
# Java VM: OpenJDK 64-Bit Server VM (25.76-b03 mixed mode linux-amd64 compressed oops)
Heap:
 PSYoungGen      total 699392K, used 97622K [0x0000000780000000, 0x00000007c0000000, 0x00000007c0000000)
  eden space 518144K, 0% used [0x0000000780000000,0x0000000780000000,0x000000079fa00000)
  from space 181248K, 53% used [0x00000007b4c80000,0x00000007babd5bb8,0x00000007bfd80000)
  to   space 265216K, 0% used [0x000000079fa00000,0x000000079fa00000,0x00000007afd00000)
 ParOldGen       total 949760K, used 949692K [0x0000000700000000, 0x0000000739f80000, 0x0000000780000000)
  object space 949760K, 99% used [0x0000000700000000,0x0000000739f6f320,0x0000000739f80000)
 Metaspace       used 88604K, capacity 90522K, committed 90880K, reserved 1126400K
  class space    used 14361K, capacity 14790K, committed 14848K, reserved 1048576K
GC Heap History (10 events):
Event: 352.270 GC heap after
Heap after GC invocations=36 (full 5):
 PSYoungGen      total 791552K, used 103046K [0x0000000780000000, 0x00000007c0000000, 0x00000007c0000000)
  eden space 688128K, 0% used [0x0000000780000000,0x0000000780000000,0x00000007aa000000)
  from space 103424K, 99% used [0x00000007aa000000,0x00000007b04a18b0,0x00000007b0500000)
  to   space 182272K, 0% used [0x00000007b4e00000,0x00000007b4e00000,0x00000007c0000000)
 ParOldGen       total 733184K, used 693117K [0x0000000700000000, 0x000000072cc00000, 0x0000000780000000)
  object space 733184K, 94% used [0x0000000700000000,0x000000072a4df6b0,0x000000072cc00000)
 Metaspace       used 88602K, capacity 90522K, committed 90880K, reserved 1126400K
  class space    used 14360K, capacity 14790K, committed 14848K, reserved 1048576K
}
Event: 352.270 GC heap before
{Heap before GC invocations=37 (full 6):
 PSYoungGen      total 791552K, used 103046K [0x0000000780000000, 0x00000007c0000000, 0x00000007c0000000)
  eden space 688128K, 0% used [0x0000000780000000,0x0000000780000000,0x00000007aa000000)
  from space 103424K, 99% used [0x00000007aa000000,0x00000007b04a18b0,0x00000007b0500000)
  to   space 182272K, 0% used [0x00000007b4e00000,0x00000007b4e00000,0x00000007c0000000)
 ParOldGen       total 733184K, used 693117K [0x0000000700000000, 0x000000072cc00000, 0x0000000780000000)
  object space 733184K, 94% used [0x0000000700000000,0x000000072a4df6b0,0x000000072cc00000)
 Metaspace       used 88602K, capacity 90522K, committed 90880K, reserved 1126400K
  class space    used 14360K, capacity 14790K, committed 14848K, reserved 1048576K
Event: 353.374 GC heap after
Heap after GC invocations=37 (full 6):
 PSYoungGen      total 791552K, used 0K [0x0000000780000000, 0x00000007c0000000, 0x00000007c0000000)
  eden space 688128K, 0% used [0x0000000780000000,0x0000000780000000,0x00000007aa000000)
  from space 103424K, 0% used [0x00000007aa000000,0x00000007aa000000,0x00000007b0500000)
  to   space 182272K, 0% used [0x00000007b4e00000,0x00000007b4e00000,0x00000007c0000000)
 ParOldGen       total 949760K, used 646774K [0x0000000700000000, 0x0000000739f80000, 0x0000000780000000)
  object space 949760K, 68% used [0x0000000700000000,0x000000072779da40,0x0000000739f80000)
 Metaspace       used 88602K, capacity 90522K, committed 90880K, reserved 1126400K
  class space    used 14360K, capacity 14790K, committed 14848K, reserved 1048576K
}
Event: 354.448 GC heap before
{Heap before GC invocations=38 (full 6):
 PSYoungGen      total 791552K, used 688110K [0x0000000780000000, 0x00000007c0000000, 0x00000007c0000000)
  eden space 688128K, 99% used [0x0000000780000000,0x00000007a9ffbb90,0x00000007aa000000)
  from space 103424K, 0% used [0x00000007aa000000,0x00000007aa000000,0x00000007b0500000)
  to   space 182272K, 0% used [0x00000007b4e00000,0x00000007b4e00000,0x00000007c0000000)
 ParOldGen       total 949760K, used 646774K [0x0000000700000000, 0x0000000739f80000, 0x0000000780000000)
  object space 949760K, 68% used [0x0000000700000000,0x000000072779da40,0x0000000739f80000)
 Metaspace       used 88603K, capacity 90522K, committed 90880K, reserved 1126400K
  class space    used 14361K, capacity 14790K, committed 14848K, reserved 1048576K
Event: 354.485 GC heap after
Heap after GC invocations=38 (full 6):
 PSYoungGen      total 865280K, used 101684K [0x0000000780000000, 0x00000007c0000000, 0x00000007c0000000)
  eden space 683008K, 0% used [0x0000000780000000,0x0000000780000000,0x00000007a9b00000)
  from space 182272K, 55% used [0x00000007b4e00000,0x00000007bb14d3c0,0x00000007c0000000)
  to   space 182784K, 0% used [0x00000007a9b00000,0x00000007a9b00000,0x00000007b4d80000)
 ParOldGen       total 949760K, used 646774K [0x0000000700000000, 0x0000000739f80000, 0x0000000780000000)
  object space 949760K, 68% used [0x0000000700000000,0x000000072779da40,0x0000000739f80000)
 Metaspace       used 88603K, capacity 90522K, committed 90880K, reserved 1126400K
  class space    used 14361K, capacity 14790K, committed 14848K, reserved 1048576K
}
Event: 355.026 GC heap before
{Heap before GC invocations=39 (full 6):
 PSYoungGen      total 865280K, used 784692K [0x0000000780000000, 0x00000007c0000000, 0x00000007c0000000)
  eden space 683008K, 100% used [0x0000000780000000,0x00000007a9b00000,0x00000007a9b00000)
  from space 182272K, 55% used [0x00000007b4e00000,0x00000007bb14d3c0,0x00000007c0000000)
  to   space 182784K, 0% used [0x00000007a9b00000,0x00000007a9b00000,0x00000007b4d80000)
 ParOldGen       total 949760K, used 646774K [0x0000000700000000, 0x0000000739f80000, 0x0000000780000000)
  object space 949760K, 68% used [0x0000000700000000,0x000000072779da40,0x0000000739f80000)
 Metaspace       used 88603K, capacity 90522K, committed 90880K, reserved 1126400K
  class space    used 14361K, capacity 14790K, committed 14848K, reserved 1048576K
Event: 355.617 GC heap after
Heap after GC invocations=39 (full 6):
 PSYoungGen      total 782336K, used 98982K [0x0000000780000000, 0x00000007bfd80000, 0x00000007c0000000)
  eden space 683008K, 0% used [0x0000000780000000,0x0000000780000000,0x00000007a9b00000)
  from space 99328K, 99% used [0x00000007a9b00000,0x00000007afba99a0,0x00000007afc00000)
  to   space 181248K, 0% used [0x00000007b4c80000,0x00000007b4c80000,0x00000007bfd80000)
 ParOldGen       total 949760K, used 746346K [0x0000000700000000, 0x0000000739f80000, 0x0000000780000000)
  object space 949760K, 78% used [0x0000000700000000,0x000000072d8da850,0x0000000739f80000)
 Metaspace       used 88603K, capacity 90522K, committed 90880K, reserved 1126400K
  class space    used 14361K, capacity 14790K, committed 14848K, reserved 1048576K
}
Event: 357.028 GC heap before
{Heap before GC invocations=40 (full 6):
 PSYoungGen      total 782336K, used 781990K [0x0000000780000000, 0x00000007bfd80000, 0x00000007c0000000)
  eden space 683008K, 100% used [0x0000000780000000,0x00000007a9b00000,0x00000007a9b00000)
  from space 99328K, 99% used [0x00000007a9b00000,0x00000007afba99a0,0x00000007afc00000)
  to   space 181248K, 0% used [0x00000007b4c80000,0x00000007b4c80000,0x00000007bfd80000)
 ParOldGen       total 949760K, used 746346K [0x0000000700000000, 0x0000000739f80000, 0x0000000780000000)
  object space 949760K, 78% used [0x0000000700000000,0x000000072d8da850,0x0000000739f80000)
 Metaspace       used 88604K, capacity 90522K, committed 90880K, reserved 1126400K
  class space    used 14361K, capacity 14790K, committed 14848K, reserved 1048576K
Event: 357.578 GC heap after
Heap after GC invocations=40 (full 6):
 PSYoungGen      total 699392K, used 181246K [0x0000000780000000, 0x00000007c0000000, 0x00000007c0000000)
  eden space 518144K, 0% used [0x0000000780000000,0x0000000780000000,0x000000079fa00000)
  from space 181248K, 99% used [0x00000007b4c80000,0x00000007bfd7f990,0x00000007bfd80000)
  to   space 265216K, 0% used [0x000000079fa00000,0x000000079fa00000,0x00000007afd00000)
 ParOldGen       total 949760K, used 896489K [0x0000000700000000, 0x0000000739f80000, 0x0000000780000000)
  object space 949760K, 94% used [0x0000000700000000,0x0000000736b7a730,0x0000000739f80000)
 Metaspace       used 88604K, capacity 90522K, committed 90880K, reserved 1126400K
  class space    used 14361K, capacity 14790K, committed 14848K, reserved 1048576K
}
Event: 357.838 GC heap before
{Heap before GC invocations=41 (full 7):
 PSYoungGen      total 699392K, used 181246K [0x0000000780000000, 0x00000007c0000000, 0x00000007c0000000)
  eden space 518144K, 0% used [0x0000000780000000,0x0000000780000000,0x000000079fa00000)
  from space 181248K, 99% used [0x00000007b4c80000,0x00000007bfd7f990,0x00000007bfd80000)
  to   space 265216K, 0% used [0x000000079fa00000,0x000000079fa00000,0x00000007afd00000)
 ParOldGen       total 949760K, used 896489K [0x0000000700000000, 0x0000000739f80000, 0x0000000780000000)
  object space 949760K, 94% used [0x0000000700000000,0x0000000736b7a730,0x0000000739f80000)
 Metaspace       used 88604K, capacity 90522K, committed 90880K, reserved 1126400K
  class space    used 14361K, capacity 14790K, committed 14848K, reserved 1048576K

